c:\users\s220780\desktop\c++\introduction-to-cpp-assessment-4\assessment 4\x64\debug\vc143.pdb
c:\users\s220780\desktop\c++\introduction-to-cpp-assessment-4\assessment 4\x64\debug\vc143.idb
c:\users\s220780\desktop\c++\introduction-to-cpp-assessment-4\assessment 4\x64\debug\weapon.obj
c:\users\s220780\desktop\c++\introduction-to-cpp-assessment-4\assessment 4\x64\debug\vector3.obj
c:\users\s220780\desktop\c++\introduction-to-cpp-assessment-4\assessment 4\x64\debug\timer.obj
c:\users\s220780\desktop\c++\introduction-to-cpp-assessment-4\assessment 4\x64\debug\spriteobject.obj
c:\users\s220780\desktop\c++\introduction-to-cpp-assessment-4\assessment 4\x64\debug\player.obj
c:\users\s220780\desktop\c++\introduction-to-cpp-assessment-4\assessment 4\x64\debug\matrix3.obj
c:\users\s220780\desktop\c++\introduction-to-cpp-assessment-4\assessment 4\x64\debug\initialise.obj
c:\users\s220780\desktop\c++\introduction-to-cpp-assessment-4\assessment 4\x64\debug\gameobject.obj
c:\users\s220780\desktop\c++\introduction-to-cpp-assessment-4\assessment 4\x64\debug\game.obj
c:\users\s220780\desktop\c++\introduction-to-cpp-assessment-4\assessment 4\x64\debug\enemy.obj
c:\users\s220780\desktop\c++\introduction-to-cpp-assessment-4\assessment 4\x64\debug\controller.obj
c:\users\s220780\desktop\c++\introduction-to-cpp-assessment-4\assessment 4\x64\debug\base.obj
c:\users\s220780\desktop\c++\introduction-to-cpp-assessment-4\assessment 4\x64\debug\assessment 4.obj
c:\users\s220780\desktop\c++\introduction-to-cpp-assessment-4\assessment 4\x64\debug\aabb.obj
c:\users\s220780\desktop\c++\introduction-to-cpp-assessment-4\assessment 4\x64\debug\assessment 4.ilk
c:\users\s220780\desktop\c++\introduction-to-cpp-assessment-4\assessment 4\x64\debug\assessment 4.exe
c:\users\s220780\desktop\c++\introduction-to-cpp-assessment-4\assessment 4\x64\debug\assessment 4.pdb
c:\users\s220780\desktop\c++\introduction-to-cpp-assessment-4\assessment 4\x64\debug\assessment 4.tlog\cl.command.1.tlog
c:\users\s220780\desktop\c++\introduction-to-cpp-assessment-4\assessment 4\x64\debug\assessment 4.tlog\cl.read.1.tlog
c:\users\s220780\desktop\c++\introduction-to-cpp-assessment-4\assessment 4\x64\debug\assessment 4.tlog\cl.write.1.tlog
c:\users\s220780\desktop\c++\introduction-to-cpp-assessment-4\assessment 4\x64\debug\assessment 4.tlog\link.command.1.tlog
c:\users\s220780\desktop\c++\introduction-to-cpp-assessment-4\assessment 4\x64\debug\assessment 4.tlog\link.read.1.tlog
c:\users\s220780\desktop\c++\introduction-to-cpp-assessment-4\assessment 4\x64\debug\assessment 4.tlog\link.write.1.tlog
