  Assessment 4.cpp
  Controller.cpp
F:\Programming files\AIE\Diploma\Intro to C++\Introduction-to-CPP-Assessment-4\Assessment 4\Controller.cpp(40,47): warning C4244: '+=': conversion from 'float' to 'int', possible loss of data
F:\Programming files\AIE\Diploma\Intro to C++\Introduction-to-CPP-Assessment-4\Assessment 4\Controller.cpp(51,47): warning C4244: '-=': conversion from 'float' to 'int', possible loss of data
F:\Programming files\AIE\Diploma\Intro to C++\Introduction-to-CPP-Assessment-4\Assessment 4\Controller.cpp(65,40): warning C4244: '+=': conversion from 'float' to 'int', possible loss of data
F:\Programming files\AIE\Diploma\Intro to C++\Introduction-to-CPP-Assessment-4\Assessment 4\Controller.cpp(73,40): warning C4244: '-=': conversion from 'float' to 'int', possible loss of data
F:\Programming files\AIE\Diploma\Intro to C++\Introduction-to-CPP-Assessment-4\Assessment 4\Controller.cpp(88,12): warning C4244: 'argument': conversion from 'int' to 'float', possible loss of data
  Game.cpp
F:\Programming files\AIE\Diploma\Intro to C++\Introduction-to-CPP-Assessment-4\Assessment 4\Game.cpp(164,14): warning C4244: 'initializing': conversion from '__int64' to 'int', possible loss of data
F:\Programming files\AIE\Diploma\Intro to C++\Introduction-to-CPP-Assessment-4\Assessment 4\Game.cpp(181,14): warning C4244: 'initializing': conversion from '__int64' to 'int', possible loss of data
F:\Programming files\AIE\Diploma\Intro to C++\Introduction-to-CPP-Assessment-4\Assessment 4\Game.cpp(216,14): warning C4244: 'initializing': conversion from '__int64' to 'int', possible loss of data
  Initialise.cpp
F:\Programming files\AIE\Diploma\Intro to C++\Introduction-to-CPP-Assessment-4\Assessment 4\Initialise.cpp(50,43): warning C4244: 'argument': conversion from 'int' to 'float', possible loss of data
F:\Programming files\AIE\Diploma\Intro to C++\Introduction-to-CPP-Assessment-4\Assessment 4\Initialise.cpp(81,37): warning C4244: 'argument': conversion from 'int' to 'float', possible loss of data
F:\Programming files\AIE\Diploma\Intro to C++\Introduction-to-CPP-Assessment-4\Assessment 4\Initialise.cpp(81,24): warning C4244: 'argument': conversion from 'int' to 'float', possible loss of data
F:\Programming files\AIE\Diploma\Intro to C++\Introduction-to-CPP-Assessment-4\Assessment 4\Initialise.cpp(82,37): warning C4244: 'argument': conversion from 'int' to 'float', possible loss of data
F:\Programming files\AIE\Diploma\Intro to C++\Introduction-to-CPP-Assessment-4\Assessment 4\Initialise.cpp(82,24): warning C4244: 'argument': conversion from 'int' to 'float', possible loss of data
F:\Programming files\AIE\Diploma\Intro to C++\Introduction-to-CPP-Assessment-4\Assessment 4\Initialise.cpp(83,37): warning C4244: 'argument': conversion from 'int' to 'float', possible loss of data
F:\Programming files\AIE\Diploma\Intro to C++\Introduction-to-CPP-Assessment-4\Assessment 4\Initialise.cpp(83,24): warning C4244: 'argument': conversion from 'int' to 'float', possible loss of data
  SpriteObject.cpp
F:\Programming files\AIE\Diploma\Intro to C++\Introduction-to-CPP-Assessment-4\Assessment 4\SpriteObject.cpp(33,16): warning C4244: 'return': conversion from 'int' to 'float', possible loss of data
F:\Programming files\AIE\Diploma\Intro to C++\Introduction-to-CPP-Assessment-4\Assessment 4\SpriteObject.cpp(38,16): warning C4244: 'return': conversion from 'int' to 'float', possible loss of data
  Generating Code...
F:\Programming files\AIE\Diploma\Intro to C++\Introduction-to-CPP-Assessment-4\Assessment 4\SpriteObject.cpp(125): warning C4172: returning address of local variable or temporary: corners
LINK : warning LNK4098: defaultlib 'MSVCRT' conflicts with use of other libs; use /NODEFAULTLIB:library
  Assessment 4.vcxproj -> F:\Programming files\AIE\Diploma\Intro to C++\Introduction-to-CPP-Assessment-4\Assessment 4\x64\Debug\Assessment 4.exe
